2017-10-15 19:00:10,034  INFO BootBonusApplication:48 - Starting BootBonusApplication on Macbook-Pro with PID 4942 (/Users/space/work/git/boot-bonus/target/classes started by space in /Users/space/work/git/boot-bonus)
2017-10-15 19:00:10,040  INFO BootBonusApplication:593 - No active profile set, falling back to default profiles: default
2017-10-15 19:00:10,196  INFO AnnotationConfigEmbeddedWebApplicationContext:583 - Refreshing org.springframework.boot.context.embedded.AnnotationConfigEmbeddedWebApplicationContext@48bb62: startup date [Sun Oct 15 19:00:10 CST 2017]; root of context hierarchy
2017-10-15 19:00:11,072  INFO Version:30 - HV000001: Hibernate Validator 5.3.5.Final
2017-10-15 19:00:11,614  INFO DefaultListableBeanFactory:828 - Overriding bean definition for bean 'simpleAuthenticationEntryPoint' with a different definition: replacing [Generic bean: class [com.huilianjk.bonus.security.SimpleAuthenticationEntryPoint]; scope=singleton; abstract=false; lazyInit=false; autowireMode=0; dependencyCheck=0; autowireCandidate=true; primary=false; factoryBeanName=null; factoryMethodName=null; initMethodName=null; destroyMethodName=null; defined in file [/Users/space/work/git/boot-bonus/target/classes/com/huilianjk/bonus/security/SimpleAuthenticationEntryPoint.class]] with [Root bean: class [null]; scope=; abstract=false; lazyInit=false; autowireMode=3; dependencyCheck=0; autowireCandidate=true; primary=false; factoryBeanName=webSecurityConfig; factoryMethodName=simpleAuthenticationEntryPoint; initMethodName=null; destroyMethodName=(inferred); defined in class path resource [com/huilianjk/bonus/WebSecurityConfig.class]]
2017-10-15 19:00:13,317  INFO TomcatEmbeddedServletContainer:89 - Tomcat initialized with port(s): 8080 (http)
2017-10-15 19:00:13,525  INFO ContextLoader:276 - Root WebApplicationContext: initialization completed in 3334 ms
2017-10-15 19:00:13,976  INFO FilterRegistrationBean:258 - Mapping filter: 'characterEncodingFilter' to: [/*]
2017-10-15 19:00:13,979  INFO FilterRegistrationBean:258 - Mapping filter: 'hiddenHttpMethodFilter' to: [/*]
2017-10-15 19:00:13,980  INFO FilterRegistrationBean:258 - Mapping filter: 'httpPutFormContentFilter' to: [/*]
2017-10-15 19:00:13,980  INFO FilterRegistrationBean:258 - Mapping filter: 'requestContextFilter' to: [/*]
2017-10-15 19:00:13,982  INFO DelegatingFilterProxyRegistrationBean:258 - Mapping filter: 'springSecurityFilterChain' to: [/*]
2017-10-15 19:00:13,982  INFO ServletRegistrationBean:190 - Mapping servlet: 'dispatcherServlet' to [/]
2017-10-15 19:00:15,571  INFO DefaultSecurityFilterChain:43 - Creating filter chain: org.springframework.security.web.util.matcher.AnyRequestMatcher@1, [org.springframework.security.web.context.request.async.WebAsyncManagerIntegrationFilter@45e6d1e0, org.springframework.security.web.context.SecurityContextPersistenceFilter@327e5be5, org.springframework.security.web.header.HeaderWriterFilter@4684240f, org.springframework.security.web.csrf.CsrfFilter@5e230fc6, org.springframework.security.web.authentication.logout.LogoutFilter@1dcedc93, org.springframework.security.web.authentication.UsernamePasswordAuthenticationFilter@52ea0269, org.springframework.security.web.savedrequest.RequestCacheAwareFilter@566f1852, org.springframework.security.web.servletapi.SecurityContextHolderAwareRequestFilter@7066363, org.springframework.security.web.authentication.AnonymousAuthenticationFilter@61db86bf, org.springframework.security.web.session.SessionManagementFilter@6975fb1c, org.springframework.security.web.access.ExceptionTranslationFilter@29fe4840, org.springframework.security.web.access.intercept.FilterSecurityInterceptor@5a058be5]
2017-10-15 19:00:15,918  INFO RequestMappingHandlerAdapter:534 - Looking for @ControllerAdvice: org.springframework.boot.context.embedded.AnnotationConfigEmbeddedWebApplicationContext@48bb62: startup date [Sun Oct 15 19:00:10 CST 2017]; root of context hierarchy
2017-10-15 19:00:16,021  INFO RequestMappingHandlerMapping:543 - Mapped "{[/api/add]}" onto public java.lang.String com.huilianjk.bonus.controller.APIController.addNew(java.lang.String,java.lang.String,java.lang.String,java.lang.String,java.lang.Integer)
2017-10-15 19:00:16,025  INFO RequestMappingHandlerMapping:543 - Mapped "{[/bonus/{bonusId}]}" onto public java.lang.String com.huilianjk.bonus.controller.BonusController.bonusDetail(com.huilianjk.bonus.pojo.User,java.lang.Long,org.springframework.ui.ModelMap) throws java.io.UnsupportedEncodingException
2017-10-15 19:00:16,025  INFO RequestMappingHandlerMapping:543 - Mapped "{[/bonus/addClickCount.json]}" onto public java.lang.String com.huilianjk.bonus.controller.BonusController.addClickCount(com.huilianjk.bonus.pojo.User,java.lang.Long)
2017-10-15 19:00:16,026  INFO RequestMappingHandlerMapping:543 - Mapped "{[/wx]}" onto public java.lang.String com.huilianjk.bonus.controller.WeixinController.index(javax.servlet.http.HttpServletRequest)
2017-10-15 19:00:16,027  INFO RequestMappingHandlerMapping:543 - Mapped "{[/wx/clearSession.json]}" onto public java.lang.String com.huilianjk.bonus.controller.WeixinController.clearUserSession(javax.servlet.http.HttpServletRequest) throws java.lang.Exception
2017-10-15 19:00:16,030  INFO RequestMappingHandlerMapping:543 - Mapped "{[/error]}" onto public org.springframework.http.ResponseEntity<java.util.Map<java.lang.String, java.lang.Object>> org.springframework.boot.autoconfigure.web.BasicErrorController.error(javax.servlet.http.HttpServletRequest)
2017-10-15 19:00:16,031  INFO RequestMappingHandlerMapping:543 - Mapped "{[/error],produces=[text/html]}" onto public org.springframework.web.servlet.ModelAndView org.springframework.boot.autoconfigure.web.BasicErrorController.errorHtml(javax.servlet.http.HttpServletRequest,javax.servlet.http.HttpServletResponse)
2017-10-15 19:00:16,079  INFO SimpleUrlHandlerMapping:362 - Mapped URL path [/webjars/**] onto handler of type [class org.springframework.web.servlet.resource.ResourceHttpRequestHandler]
2017-10-15 19:00:16,079  INFO SimpleUrlHandlerMapping:362 - Mapped URL path [/**] onto handler of type [class org.springframework.web.servlet.resource.ResourceHttpRequestHandler]
2017-10-15 19:00:16,104  INFO ExceptionHandlerExceptionResolver:273 - Detected @ExceptionHandler methods in defExceptionHandler
2017-10-15 19:00:16,137  INFO SimpleUrlHandlerMapping:362 - Mapped URL path [/**/favicon.ico] onto handler of type [class org.springframework.web.servlet.resource.ResourceHttpRequestHandler]
2017-10-15 19:00:16,572  INFO FreeMarkerConfigurer:127 - ClassTemplateLoader for Spring macros added to FreeMarker configuration
2017-10-15 19:00:16,969  INFO AnnotationMBeanExporter:431 - Registering beans for JMX exposure on startup
2017-10-15 19:00:17,053  INFO TomcatEmbeddedServletContainer:201 - Tomcat started on port(s): 8080 (http)
2017-10-15 19:00:17,064  INFO BootBonusApplication:57 - Started BootBonusApplication in 8.089 seconds (JVM running for 9.03)
2017-10-15 19:02:37,148  INFO DispatcherServlet:489 - FrameworkServlet 'dispatcherServlet': initialization started
2017-10-15 19:02:37,174  INFO DispatcherServlet:508 - FrameworkServlet 'dispatcherServlet': initialization completed in 25 ms
2017-10-15 19:04:03,318  INFO AnnotationConfigEmbeddedWebApplicationContext:984 - Closing org.springframework.boot.context.embedded.AnnotationConfigEmbeddedWebApplicationContext@48bb62: startup date [Sun Oct 15 19:00:10 CST 2017]; root of context hierarchy
2017-10-15 19:04:03,320  INFO AnnotationMBeanExporter:449 - Unregistering JMX-exposed beans on shutdown
